[0.146s] Invoking command in '/home/pi/ros2_ws/src/ytcg_ground-based/build/ytcg_ground_based': CMAKE_PREFIX_PATH=${CMAKE_PREFIX_PATH}:/opt/ros/foxy /usr/bin/cmake /home/pi/ros2_ws/src/ytcg_ground-based -DCMAKE_INSTALL_PREFIX=/home/pi/ros2_ws/src/ytcg_ground-based/install/ytcg_ground_based
[2.092s] -- The C compiler identification is GNU 9.4.0
[3.503s] -- The CXX compiler identification is GNU 9.4.0
[3.554s] -- Check for working C compiler: /usr/bin/cc
[4.149s] -- Check for working C compiler: /usr/bin/cc -- works
[4.163s] -- Detecting C compiler ABI info
[4.703s] -- Detecting C compiler ABI info - done
[4.796s] -- Detecting C compile features
[4.800s] -- Detecting C compile features - done
[4.828s] -- Check for working CXX compiler: /usr/bin/c++
[5.482s] -- Check for working CXX compiler: /usr/bin/c++ -- works
[5.490s] -- Detecting CXX compiler ABI info
[6.089s] -- Detecting CXX compiler ABI info - done
[6.182s] -- Detecting CXX compile features
[6.186s] -- Detecting CXX compile features - done
[6.241s] -- Found ament_cmake: 0.9.11 (/opt/ros/foxy/share/ament_cmake/cmake)
[6.502s] -- Found PythonInterp: /usr/bin/python3 (found suitable version "3.8.10", minimum required is "3") 
[6.503s] -- Using PYTHON_EXECUTABLE: /usr/bin/python3
[8.500s] -- Found rclcpp: 2.4.2 (/opt/ros/foxy/share/rclcpp/cmake)
[9.151s] -- Using all available rosidl_typesupport_c: rosidl_typesupport_fastrtps_c;rosidl_typesupport_introspection_c
[9.262s] -- Found rosidl_adapter: 1.3.0 (/opt/ros/foxy/share/rosidl_adapter/cmake)
[10.309s] -- Found OpenSSL: /usr/lib/aarch64-linux-gnu/libcrypto.so (found version "1.1.1f")  
[10.792s] -- Found FastRTPS: /opt/ros/foxy/include  
[11.929s] -- Using all available rosidl_typesupport_cpp: rosidl_typesupport_fastrtps_cpp;rosidl_typesupport_introspection_cpp
[12.586s] -- Found rmw_implementation_cmake: 1.0.3 (/opt/ros/foxy/share/rmw_implementation_cmake/cmake)
[12.606s] -- Using RMW implementation 'rmw_fastrtps_cpp' as default
[12.619s] -- Looking for pthread.h
[13.222s] -- Looking for pthread.h - found
[13.224s] -- Performing Test CMAKE_HAVE_LIBC_PTHREAD
[13.802s] -- Performing Test CMAKE_HAVE_LIBC_PTHREAD - Failed
[13.803s] -- Looking for pthread_create in pthreads
[14.236s] -- Looking for pthread_create in pthreads - not found
[14.238s] -- Looking for pthread_create in pthread
[14.781s] -- Looking for pthread_create in pthread - found
[14.789s] -- Found Threads: TRUE  
[16.360s] -- Found geometry_msgs: 2.0.5 (/opt/ros/foxy/share/geometry_msgs/cmake)
[16.697s] -- Found message_filters: 3.2.5 (/opt/ros/foxy/share/message_filters/cmake)
[16.941s] -- Found Boost: /usr/lib/aarch64-linux-gnu/cmake/Boost-1.71.0/BoostConfig.cmake (found suitable version "1.71.0", minimum required is "1.67") found components: system filesystem regex 
[16.987s] -- Found sensor_msgs: 2.0.5 (/opt/ros/foxy/share/sensor_msgs/cmake)
[17.658s] -- Found cv_bridge: 3.0.7 (/opt/ros/foxy/share/cv_bridge/cmake)
[17.968s] -- Found nav_msgs: 2.0.5 (/opt/ros/foxy/share/nav_msgs/cmake)
[18.715s] -- Found ament_lint_auto: 0.9.7 (/opt/ros/foxy/share/ament_lint_auto/cmake)
[19.511s] -- Added test 'copyright' to check source files copyright and LICENSE
[19.692s] -- Added test 'cppcheck' to perform static code analysis on C / C++ code
[19.695s] -- Configured cppcheck include dirs: $<BUILD_INTERFACE:/home/pi/ros2_ws/src/ytcg_ground-based/include>
[19.696s] -- Configured cppcheck exclude dirs and/or files: 
[19.850s] -- Added test 'cpplint' to check C / C++ code against the Google style
[19.851s] -- Configured cpplint exclude dirs and/or files: 
[19.918s] -- Added test 'lint_cmake' to check CMake code style
[20.099s] -- Added test 'uncrustify' to check C / C++ code style
[20.100s] -- Configured uncrustify additional arguments: 
[20.126s] -- Added test 'xmllint' to check XML markup files
[20.178s] -- Configuring done
[20.393s] -- Generating done
[20.409s] -- Build files have been written to: /home/pi/ros2_ws/src/ytcg_ground-based/build/ytcg_ground_based
[20.481s] Invoked command in '/home/pi/ros2_ws/src/ytcg_ground-based/build/ytcg_ground_based' returned '0': CMAKE_PREFIX_PATH=${CMAKE_PREFIX_PATH}:/opt/ros/foxy /usr/bin/cmake /home/pi/ros2_ws/src/ytcg_ground-based -DCMAKE_INSTALL_PREFIX=/home/pi/ros2_ws/src/ytcg_ground-based/install/ytcg_ground_based
[20.501s] Invoking command in '/home/pi/ros2_ws/src/ytcg_ground-based/build/ytcg_ground_based': CMAKE_PREFIX_PATH=${CMAKE_PREFIX_PATH}:/opt/ros/foxy /usr/bin/cmake --build /home/pi/ros2_ws/src/ytcg_ground-based/build/ytcg_ground_based -- -j4 -l4
[20.827s] [35m[1mScanning dependencies of target chw_bs_snr[0m
[20.828s] [35m[1mScanning dependencies of target chw_bs_comm[0m
[21.658s] [ 16%] [32mBuilding CXX object CMakeFiles/chw_bs_snr.dir/src/chw_bs_snr.cpp.o[0m
[21.660s] [ 33%] [32mBuilding CXX object CMakeFiles/chw_bs_snr.dir/src/utility.cpp.o[0m
[21.857s] [ 50%] [32mBuilding CXX object CMakeFiles/chw_bs_comm.dir/src/chw_bs_comm.cpp.o[0m
[21.873s] [ 66%] [32mBuilding CXX object CMakeFiles/chw_bs_comm.dir/src/utility.cpp.o[0m
[28.877s] [01m[K/home/pi/ros2_ws/src/ytcg_ground-based/src/chw_bs_snr.cpp:22:[m[K [01;35m[Kwarning: [m[K"BOOST_RANGE_ENABLE_CONCEPT_ASSERT" redefined
[28.879s]    22 | #define BOOST_RANGE_ENABLE_CONCEPT_ASSERT 0
[28.881s]       | 
[28.882s] In file included from [01m[K/usr/include/boost/range/size_type.hpp:20[m[K,
[28.883s]                  from [01m[K/usr/include/boost/range/size.hpp:21[m[K,
[28.884s]                  from [01m[K/usr/include/boost/range/functions.hpp:20[m[K,
[28.886s]                  from [01m[K/usr/include/boost/range/iterator_range_core.hpp:38[m[K,
[28.887s]                  from [01m[K/usr/include/boost/range/iterator_range.hpp:13[m[K,
[28.888s]                  from [01m[K/usr/include/boost/range/adaptor/adjacent_filtered.hpp:21[m[K,
[28.890s]                  from [01m[K/usr/include/boost/range/adaptors.hpp:15[m[K,
[28.891s]                  from [01m[K/home/pi/ros2_ws/src/ytcg_ground-based/src/chw_bs_snr.cpp:5[m[K:
[28.892s] [01m[K/usr/include/boost/range/concepts.hpp:98:[m[K [01;36m[Knote: [m[Kthis is the location of the previous definition
[28.894s]    98 |         #define BOOST_RANGE_ENABLE_CONCEPT_ASSERT 1
[28.895s]       | 
[29.660s] [01m[K/home/pi/ros2_ws/src/ytcg_ground-based/src/chw_bs_comm.cpp:24:[m[K [01;35m[Kwarning: [m[K"BOOST_RANGE_ENABLE_CONCEPT_ASSERT" redefined
[29.661s]    24 | #define BOOST_RANGE_ENABLE_CONCEPT_ASSERT 0
[29.663s]       | 
[29.664s] In file included from [01m[K/usr/include/boost/range/size_type.hpp:20[m[K,
[29.666s]                  from [01m[K/usr/include/boost/range/size.hpp:21[m[K,
[29.667s]                  from [01m[K/usr/include/boost/range/functions.hpp:20[m[K,
[29.670s]                  from [01m[K/usr/include/boost/range/iterator_range_core.hpp:38[m[K,
[29.671s]                  from [01m[K/usr/include/boost/range/iterator_range.hpp:13[m[K,
[29.673s]                  from [01m[K/usr/include/boost/range/adaptor/adjacent_filtered.hpp:21[m[K,
[29.675s]                  from [01m[K/usr/include/boost/range/adaptors.hpp:15[m[K,
[29.676s]                  from [01m[K/home/pi/ros2_ws/src/ytcg_ground-based/src/chw_bs_comm.cpp:5[m[K:
[29.677s] [01m[K/usr/include/boost/range/concepts.hpp:98:[m[K [01;36m[Knote: [m[Kthis is the location of the previous definition
[29.679s]    98 |         #define BOOST_RANGE_ENABLE_CONCEPT_ASSERT 1
[29.681s]       | 
[86.330s] [01m[K/home/pi/ros2_ws/src/ytcg_ground-based/src/chw_bs_snr.cpp:[m[K In constructor â€˜[01m[Kytcg::BsCommPublisher::BsCommPublisher(ytcg::CommProtocol)[m[Kâ€™:
[86.342s] [01m[K/home/pi/ros2_ws/src/ytcg_ground-based/src/chw_bs_snr.cpp:68:58:[m[K [01;31m[Kerror: [m[Kno matching function for call to â€˜[01m[Kstd::chrono::duration<long int, std::ratio<1, 1000> >::duration(double)[m[Kâ€™
[86.345s]    68 |         std::chrono::milliseconds(1000/CHW_BS_SNR_RATE_HZ[01;31m[K)[m[K, std::bind(&BsCommPublisher::snr_callback, this)
[86.347s]       |                                                          [01;31m[K^[m[K
[86.348s] In file included from [01m[K/usr/include/c++/9/mutex:39[m[K,
[86.350s]                  from [01m[K/usr/include/c++/9/future:38[m[K,
[86.352s]                  from [01m[K/opt/ros/foxy/include/rclcpp/executors.hpp:18[m[K,
[86.355s]                  from [01m[K/opt/ros/foxy/include/rclcpp/rclcpp.hpp:146[m[K,
[86.356s]                  from [01m[K/home/pi/ros2_ws/src/ytcg_ground-based/src/../include/chw_bs_snr.hpp:7[m[K,
[86.358s]                  from [01m[K/home/pi/ros2_ws/src/ytcg_ground-based/src/chw_bs_snr.cpp:2[m[K:
[86.359s] [01m[K/usr/include/c++/9/chrono:338:14:[m[K [01;36m[Knote: [m[Kcandidate: â€˜[01m[Ktemplate<class _Rep2, class _Period2, class> constexpr std::chrono::duration<_Rep, _Period>::duration(const std::chrono::duration<_Rep, _Period>&)[m[Kâ€™
[86.361s]   338 |    constexpr [01;36m[Kduration[m[K(const duration<_Rep2, _Period2>& __d)
[86.362s]       |              [01;36m[K^~~~~~~~[m[K
[86.364s] [01m[K/usr/include/c++/9/chrono:338:14:[m[K [01;36m[Knote: [m[K  template argument deduction/substitution failed:
[86.365s] [01m[K/home/pi/ros2_ws/src/ytcg_ground-based/src/chw_bs_snr.cpp:68:58:[m[K [01;36m[Knote: [m[K  mismatched types â€˜[01m[Kconst std::chrono::duration<_Rep1, _Period1>[m[Kâ€™ and â€˜[01m[Kdouble[m[Kâ€™
[86.367s]    68 |         std::chrono::milliseconds(1000/CHW_BS_SNR_RATE_HZ[01;36m[K)[m[K, std::bind(&BsCommPublisher::snr_callback, this)
[86.369s]       |                                                          [01;36m[K^[m[K
[86.370s] In file included from [01m[K/usr/include/c++/9/mutex:39[m[K,
[86.372s]                  from [01m[K/usr/include/c++/9/future:38[m[K,
[86.374s]                  from [01m[K/opt/ros/foxy/include/rclcpp/executors.hpp:18[m[K,
[86.375s]                  from [01m[K/opt/ros/foxy/include/rclcpp/rclcpp.hpp:146[m[K,
[86.377s]                  from [01m[K/home/pi/ros2_ws/src/ytcg_ground-based/src/../include/chw_bs_snr.hpp:7[m[K,
[86.379s]                  from [01m[K/home/pi/ros2_ws/src/ytcg_ground-based/src/chw_bs_snr.cpp:2[m[K:
[86.380s] [01m[K/usr/include/c++/9/chrono:331:23:[m[K [01;36m[Knote: [m[Kcandidate: â€˜[01m[Ktemplate<class _Rep2, class> constexpr std::chrono::duration<_Rep, _Period>::duration(const _Rep2&)[m[Kâ€™
[86.382s]   331 |    constexpr explicit [01;36m[Kduration[m[K(const _Rep2& __rep)
[86.384s]       |                       [01;36m[K^~~~~~~~[m[K
[86.385s] [01m[K/usr/include/c++/9/chrono:331:23:[m[K [01;36m[Knote: [m[K  template argument deduction/substitution failed:
[86.387s] In file included from [01m[K/usr/include/c++/9/bits/move.h:55[m[K,
[86.389s]                  from [01m[K/usr/include/c++/9/bits/stl_pair.h:59[m[K,
[86.390s]                  from [01m[K/usr/include/c++/9/utility:70[m[K,
[86.392s]                  from [01m[K/usr/include/c++/9/algorithm:60[m[K,
[86.393s]                  from [01m[K/opt/ros/foxy/include/rosidl_runtime_cpp/bounded_vector.hpp:18[m[K,
[86.395s]                  from [01m[K/opt/ros/foxy/include/std_msgs/msg/detail/multi_array_dimension__struct.hpp:8[m[K,
[86.396s]                  from [01m[K/opt/ros/foxy/include/std_msgs/msg/multi_array_dimension.hpp:7[m[K,
[86.397s]                  from [01m[K/home/pi/ros2_ws/src/ytcg_ground-based/src/../include/chw_bs_snr.hpp:2[m[K,
[86.399s]                  from [01m[K/home/pi/ros2_ws/src/ytcg_ground-based/src/chw_bs_snr.cpp:2[m[K:
[86.400s] /usr/include/c++/9/type_traits: In substitution of â€˜[01m[Ktemplate<class ... _Cond> using _Require = typename std::enable_if<std::__and_< <template-parameter-1-1> >::value>::type [with _Cond = {std::is_convertible<const double&, long int>, std::__or_<std::chrono::treat_as_floating_point<long int>, std::__not_<std::chrono::treat_as_floating_point<double> > >}][m[Kâ€™:
[86.401s] [01m[K/usr/include/c++/9/chrono:328:27:[m[K   required from here
[86.402s] [01m[K/usr/include/c++/9/type_traits:2048:11:[m[K [01;31m[Kerror: [m[Kno type named â€˜[01m[Ktype[m[Kâ€™ in â€˜[01m[Kstruct std::enable_if<false, void>[m[Kâ€™
[86.404s]  2048 |     using [01;31m[K_Require[m[K = typename enable_if<__and_<_Cond...>::value>::type;
[86.405s]       |           [01;31m[K^~~~~~~~[m[K
[86.406s] In file included from [01m[K/usr/include/c++/9/mutex:39[m[K,
[86.407s]                  from [01m[K/usr/include/c++/9/future:38[m[K,
[86.408s]                  from [01m[K/opt/ros/foxy/include/rclcpp/executors.hpp:18[m[K,
[86.410s]                  from [01m[K/opt/ros/foxy/include/rclcpp/rclcpp.hpp:146[m[K,
[86.411s]                  from [01m[K/home/pi/ros2_ws/src/ytcg_ground-based/src/../include/chw_bs_snr.hpp:7[m[K,
[86.412s]                  from [01m[K/home/pi/ros2_ws/src/ytcg_ground-based/src/chw_bs_snr.cpp:2[m[K:
[86.414s] [01m[K/usr/include/c++/9/chrono:324:2:[m[K [01;36m[Knote: [m[Kcandidate: â€˜[01m[Kconstexpr std::chrono::duration<_Rep, _Period>::duration(const std::chrono::duration<_Rep, _Period>&) [with _Rep = long int; _Period = std::ratio<1, 1000>][m[Kâ€™
[86.415s]   324 |  [01;36m[Kduration[m[K(const duration&) = default;
[86.417s]       |  [01;36m[K^~~~~~~~[m[K
[86.418s] [01m[K/usr/include/c++/9/chrono:324:11:[m[K [01;36m[Knote: [m[K  no known conversion for argument 1 from â€˜[01m[Kdouble[m[Kâ€™ to â€˜[01m[Kconst std::chrono::duration<long int, std::ratio<1, 1000> >&[m[Kâ€™
[86.420s]   324 |  duration([01;36m[Kconst duration&[m[K) = default;
[86.421s]       |           [01;36m[K^~~~~~~~~~~~~~~[m[K
[86.423s] [01m[K/usr/include/c++/9/chrono:322:12:[m[K [01;36m[Knote: [m[Kcandidate: â€˜[01m[Kstd::chrono::duration<_Rep, _Period>::duration() [with _Rep = long int; _Period = std::ratio<1, 1000>][m[Kâ€™
[86.425s]   322 |  constexpr [01;36m[Kduration[m[K() = default;
[86.426s]       |            [01;36m[K^~~~~~~~[m[K
[86.428s] [01m[K/usr/include/c++/9/chrono:322:12:[m[K [01;36m[Knote: [m[K  candidate expects 0 arguments, 1 provided
[86.429s] [01m[K/home/pi/ros2_ws/src/ytcg_ground-based/src/chw_bs_snr.cpp:68:89:[m[K [01;31m[Kerror: [m[Kâ€˜[01m[Ksnr_callback[m[Kâ€™ is not a member of â€˜[01m[Kytcg::BsCommPublisher[m[Kâ€™
[86.431s]    68 |         std::chrono::milliseconds(1000/CHW_BS_SNR_RATE_HZ), std::bind(&BsCommPublisher::[01;31m[Ksnr_callback[m[K, this)
[86.433s]       |                                                                                         [01;31m[K^~~~~~~~~~~~[m[K
[86.434s] [01m[K/home/pi/ros2_ws/src/ytcg_ground-based/src/chw_bs_snr.cpp:[m[K At global scope:
[86.436s] [01m[K/home/pi/ros2_ws/src/ytcg_ground-based/src/chw_bs_snr.cpp:81:6:[m[K [01;31m[Kerror: [m[Kno declaration matches â€˜[01m[Kvoid ytcg::BsCommPublisher::snr_callback()[m[Kâ€™
[86.437s]    81 | void [01;31m[KBsCommPublisher[m[K::snr_callback(void) {
[86.439s]       |      [01;31m[K^~~~~~~~~~~~~~~[m[K
[86.440s] [01m[K/home/pi/ros2_ws/src/ytcg_ground-based/src/chw_bs_snr.cpp:81:6:[m[K [01;36m[Knote: [m[Kno functions named â€˜[01m[Kvoid ytcg::BsCommPublisher::snr_callback()[m[Kâ€™
[86.442s] In file included from [01m[K/home/pi/ros2_ws/src/ytcg_ground-based/src/chw_bs_snr.cpp:2[m[K:
[86.444s] [01m[K/home/pi/ros2_ws/src/ytcg_ground-based/src/../include/chw_bs_snr.hpp:55:11:[m[K [01;36m[Knote: [m[Kâ€˜[01m[Kclass ytcg::BsCommPublisher[m[Kâ€™ defined here
[86.445s]    55 |     class [01;36m[KBsCommPublisher[m[K : public rclcpp::Node {
[86.447s]       |           [01;36m[K^~~~~~~~~~~~~~~[m[K
[132.262s] [01m[K/home/pi/ros2_ws/src/ytcg_ground-based/src/chw_bs_comm.cpp:[m[K In member function â€˜[01m[Kvoid ytcg::BsCommPublisher::queue_emptier_callback()[m[Kâ€™:
[132.285s] [01m[K/home/pi/ros2_ws/src/ytcg_ground-based/src/chw_bs_comm.cpp:111:34:[m[K [01;35m[Kwarning: [m[Kunknown escape sequence: '\.'
[132.286s]   111 |     const boost::regex my_filter([01;35m[K"image.*\.jpg"[m[K);
[132.287s]       |                                  [01;35m[K^~~~~~~~~~~~~~[m[K
[132.467s] [01m[K/home/pi/ros2_ws/src/ytcg_ground-based/src/chw_bs_comm.cpp:[m[K In member function â€˜[01m[Kvoid ytcg::BsCommPublisher::timer_callback()[m[Kâ€™:
[132.473s] [01m[K/home/pi/ros2_ws/src/ytcg_ground-based/src/chw_bs_comm.cpp:200:49:[m[K [01;35m[Kwarning: [m[Kcomparison of integer expressions of different signedness: â€˜[01m[Kint[m[Kâ€™ and â€˜[01m[Kconst size_type[m[Kâ€™ {aka â€˜[01m[Kconst long unsigned int[m[Kâ€™} [[01;35m[K-Wsign-compare[m[K]
[132.475s]   200 |         if ([01;35m[K(rx_pos = output_.find("radio_rx")) != std::string::npos[m[K) {
[132.476s]       |             [01;35m[K~~~~~~~~~~~~~~~~~~~~~~~~~~~~~~~~~~~~^~~~~~~~~~~~~~~~~~~~[m[K
[206.883s] make[2]: *** [CMakeFiles/chw_bs_snr.dir/build.make:63: CMakeFiles/chw_bs_snr.dir/src/chw_bs_snr.cpp.o] Error 1
[206.951s] make[1]: *** [CMakeFiles/Makefile2:80: CMakeFiles/chw_bs_snr.dir/all] Error 2
[206.953s] make[1]: *** Waiting for unfinished jobs....
